TN:
SF:/home/balter/src/tests.c
FN:21,destruct
FN:29,test_allocate
FN:47,test_allocate_array
FN:70,test_retain_release
FN:106,test_rc
FN:136,test_destructor
FN:201,test_deallocate
FN:232,test_get_and_set_cascade_limit
FN:247,test_cascade
FN:271,test_aux
FN:277,test_size_freed
FN:357,test_cleanup
FN:419,test_shutdown
FN:441,main
FNDA:25018,destruct
FNDA:1,test_allocate
FNDA:1,test_allocate_array
FNDA:1,test_retain_release
FNDA:1,test_rc
FNDA:1,test_destructor
FNDA:1,test_deallocate
FNDA:1,test_get_and_set_cascade_limit
FNDA:1,test_cascade
FNDA:0,test_aux
FNDA:1,test_size_freed
FNDA:1,test_cleanup
FNDA:1,test_shutdown
FNDA:1,main
FNF:14
FNH:13
DA:21,25018
DA:23,25018
DA:26,25018
DA:29,1
DA:31,1
DA:33,1
DA:34,1
DA:35,1
DA:36,1
DA:37,1
DA:39,1
DA:40,1
DA:41,1
DA:42,1
DA:44,1
DA:46,1
DA:47,1
DA:49,1
DA:52,1
DA:53,1
DA:54,1
DA:55,1
DA:56,1
DA:58,1
DA:59,1
DA:60,1
DA:61,1
DA:63,1
DA:64,1
DA:65,1
DA:66,1
DA:68,1
DA:69,1
DA:70,1
DA:72,1
DA:74,1
DA:75,1
DA:76,1
DA:77,1
DA:78,1
DA:80,1
DA:81,1
DA:82,1
DA:83,1
DA:84,1
DA:85,1
DA:86,1
DA:87,1
DA:88,1
DA:89,1
DA:90,1
DA:91,1
DA:92,1
DA:93,1
DA:94,1
DA:95,1
DA:96,1
DA:97,1
DA:98,1
DA:100,1
DA:101,1
DA:103,1
DA:105,1
DA:106,1
DA:108,1
DA:110,1
DA:111,1
DA:112,1
DA:113,1
DA:114,1
DA:115,1
DA:116,1
DA:117,1
DA:118,1
DA:119,1
DA:120,1
DA:121,1
DA:123,1
DA:124,1
DA:125,1
DA:126,1
DA:127,1
DA:128,1
DA:129,1
DA:130,1
DA:131,1
DA:134,1
DA:135,1
DA:136,1
DA:138,1
DA:140,1
DA:141,1
DA:143,1
DA:144,1
DA:146,1
DA:147,1
DA:149,1
DA:150,1
DA:152,1
DA:153,1
DA:155,1
DA:156,1
DA:158,1
DA:159,1
DA:161,1
DA:162,1
DA:164,1
DA:165,1
DA:167,1
DA:168,1
DA:170,1
DA:171,1
DA:173,1
DA:174,1
DA:176,1
DA:177,1
DA:179,1
DA:180,1
DA:183,1
DA:184,1
DA:185,1
DA:188,1
DA:189,1
DA:190,1
DA:193,1
DA:194,1
DA:195,1
DA:197,1
DA:199,1
DA:201,1
DA:203,1
DA:205,1
DA:206,1
DA:208,1
DA:209,1
DA:210,1
DA:212,1
DA:214,1
DA:215,1
DA:216,1
DA:217,1
DA:218,1
DA:219,1
DA:220,1
DA:221,1
DA:222,1
DA:223,1
DA:225,1
DA:226,1
DA:229,1
DA:230,1
DA:232,1
DA:234,1
DA:236,1
DA:238,1
DA:239,1
DA:241,1
DA:242,1
DA:244,1
DA:245,1
DA:247,1
DA:249,1
DA:251,1
DA:253,200
DA:254,199
DA:255,199
DA:256,199
DA:257,199
DA:259,33034
DA:260,32835
DA:261,32835
DA:262,32835
DA:265,199
DA:268,1
DA:269,1
DA:271,0
DA:273,0
DA:274,0
DA:277,1
DA:279,1
DA:281,1
DA:282,1
DA:284,11
DA:286,10
DA:287,10
DA:289,10
DA:290,10
DA:293,10
DA:296,1
DA:298,1
DA:299,1
DA:302,1
DA:304,1
DA:310,1
DA:311,1
DA:313,21
DA:315,20
DA:316,20
DA:317,20
DA:319,220
DA:320,200
DA:321,200
DA:322,200
DA:325,20
DA:328,1
DA:330,1
DA:331,1
DA:349,1
DA:350,1
DA:352,1
DA:353,1
DA:354,1
DA:357,1
DA:359,1
DA:361,1
DA:363,1
DA:364,1
DA:366,100
DA:368,99
DA:369,99
DA:370,99
DA:372,5544
DA:373,5445
DA:374,5445
DA:375,5445
DA:377,99
DA:380,1
DA:385,1
DA:386,1
DA:387,1
DA:391,1
DA:392,1
DA:394,100
DA:396,99
DA:397,99
DA:398,99
DA:400,5544
DA:401,5445
DA:402,5445
DA:403,5445
DA:405,99
DA:408,1
DA:410,1
DA:411,1
DA:412,1
DA:414,1
DA:415,1
DA:419,1
DA:422,1
DA:424,1
DA:426,100
DA:428,99
DA:429,99
DA:431,963
DA:434,864
DA:437,1
DA:438,1
DA:441,1
DA:442,1
DA:444,1
DA:447,1
DA:451,1
DA:452,1
DA:453,1
DA:454,1
DA:456,1
DA:457,1
DA:459,1
DA:460,1
DA:462,1
DA:463,1
DA:464,1
DA:465,1
DA:468,1
DA:469,1
DA:470,1
DA:471,1
DA:473,1
DA:474,1
DA:477,1
DA:478,1
DA:480,1
DA:481,1
DA:485,1
DA:488,1
DA:489,1
LF:286
LH:283
end_of_record
TN:
SF:/home/balter/src/refmem.c
FN:4,retain
FN:9,release
FN:14,rc
FN:19,allocate
FN:24,allocate_array
FN:29,deallocate
FN:34,set_cascade_limit
FN:39,get_cascade_limit
FN:44,cleanup
FN:50,shutdown
FNDA:45267,retain
FNDA:26616,release
FNDA:20,rc
FNDA:251,allocate
FNDA:44239,allocate_array
FNDA:4,deallocate
FNDA:206,set_cascade_limit
FNDA:3,get_cascade_limit
FNDA:2,cleanup
FNDA:11,shutdown
FNF:10
FNH:10
DA:4,45267
DA:6,45267
DA:9,26616
DA:11,26616
DA:12,26616
DA:14,20
DA:16,20
DA:19,251
DA:21,251
DA:24,44239
DA:26,44239
DA:29,4
DA:31,4
DA:32,4
DA:34,206
DA:36,206
DA:37,206
DA:39,3
DA:41,3
DA:44,2
DA:46,2
DA:48,2
DA:50,11
DA:53,11
DA:55,11
DA:56,11
LF:26
LH:26
end_of_record
TN:
SF:/home/balter/src/allocate.c
FN:63,save_length
FN:68,get_save
FN:73,get_first_known_pointer
FN:78,get_count
FN:84,test_reset
FN:96,save_delete
FN:102,known_pointers_delete
FN:128,set_cascade_limit_inner
FN:133,get_cascade_limit_inner
FN:141,resume_release
FN:166,prepend_known_pointer
FN:173,remove_known_pointer
FN:192,startup_first_known_pointer
FN:204,cleanup_inner
FN:217,allocate_inner
FN:238,allocate_array_inner
FN:257,deallocate_inner
FN:275,retain_inner
FN:285,decrement_rc
FN:300,save_pointer_to_release
FN:311,release_inner
FN:326,rc_inner
FN:336,list_new
FN:342,link_new
FN:348,initiate_list
FN:356,list_append
FN:371,list_length
FN:376,convert_to_valid_index
FN:395,step_to_index
FN:406,list_remove
FN:422,list_delete
FNDA:7,save_length
FNDA:0,get_save
FNDA:0,get_first_known_pointer
FNDA:0,get_count
FNDA:11,test_reset
FNDA:11,save_delete
FNDA:11,known_pointers_delete
FNDA:206,set_cascade_limit_inner
FNDA:3,get_cascade_limit_inner
FNDA:44490,resume_release
FNDA:44473,prepend_known_pointer
FNDA:25032,remove_known_pointer
FNDA:44490,startup_first_known_pointer
FNDA:2,cleanup_inner
FNDA:251,allocate_inner
FNDA:44239,allocate_array_inner
FNDA:25049,deallocate_inner
FNDA:45267,retain_inner
FNDA:25045,decrement_rc
FNDA:1337,save_pointer_to_release
FNDA:26616,release_inner
FNDA:20,rc_inner
FNDA:8,list_new
FNDA:1565,link_new
FNDA:174,initiate_list
FNDA:1565,list_append
FNDA:40219,list_length
FNDA:40212,convert_to_valid_index
FNDA:40212,step_to_index
FNDA:40212,list_remove
FNDA:15,list_delete
FNF:31
FNH:28
DA:63,7
DA:65,7
DA:68,0
DA:70,0
DA:73,0
DA:75,0
DA:78,0
DA:80,0
DA:84,11
DA:86,11
DA:87,11
DA:88,11
DA:90,11
DA:96,11
DA:98,11
DA:99,11
DA:102,11
DA:104,11
DA:105,5
DA:107,19468
DA:108,19458
DA:109,19458
DA:111,19458
DA:114,11
DA:128,206
DA:130,206
DA:131,206
DA:133,3
DA:135,3
DA:141,44490
DA:143,44490
DA:145,38637
DA:146,38637
DA:147,38637
DA:148,38637
DA:151,38834
DA:154,38834
DA:158,38834
DA:161,44490
DA:162,44490
DA:164,44490
DA:166,44473
DA:168,44473
DA:169,44473
DA:170,44473
DA:171,44473
DA:173,25032
DA:175,25032
DA:177,25032
DA:178,5664
DA:179,5664
DA:182,19368
DA:183,9471541
DA:184,9432805
DA:186,19368
DA:187,19368
DA:189,19368
DA:192,44490
DA:194,44490
DA:196,17
DA:197,17
DA:200,44473
DA:201,44473
DA:204,2
DA:206,2
DA:210,1142
DA:212,1142
DA:214,2
DA:217,251
DA:219,251
DA:220,251
DA:222,251
DA:224,251
DA:230,251
DA:232,251
DA:234,251
DA:238,44239
DA:240,44239
DA:241,44239
DA:242,44239
DA:245,44239
DA:251,44239
DA:253,44239
DA:255,44239
DA:257,25049
DA:259,25049
DA:261,25032
DA:263,25018
DA:266,25032
DA:268,25032
DA:269,25032
DA:271,25049
DA:275,45267
DA:277,45267
DA:279,45267
DA:280,45267
DA:281,45267
DA:283,45267
DA:285,25045
DA:287,25045
DA:288,25045
DA:289,25045
DA:291,25045
DA:293,25018
DA:296,25045
DA:297,25045
DA:300,1337
DA:302,1337
DA:303,1337
DA:304,4
DA:306,1337
DA:308,1337
DA:311,26616
DA:313,26616
DA:315,26382
DA:317,25045
DA:321,1337
DA:324,26616
DA:326,20
DA:328,20
DA:329,20
DA:336,8
DA:338,8
DA:339,8
DA:342,1565
DA:344,1565
DA:345,1565
DA:348,174
DA:350,174
DA:351,174
DA:352,174
DA:353,174
DA:354,174
DA:356,1565
DA:358,1565
DA:360,1391
DA:361,1391
DA:362,1391
DA:363,1391
DA:366,174
DA:368,1565
DA:369,1565
DA:371,40219
DA:373,40219
DA:376,40212
DA:378,40212
DA:379,40212
DA:380,0
DA:382,40212
DA:383,0
DA:384,0
DA:387,0
DA:391,40212
DA:395,40212
DA:397,40212
DA:398,40212
DA:399,80424
DA:400,0
DA:401,0
DA:403,40212
DA:406,40212
DA:407,40212
DA:408,40212
DA:409,40212
DA:410,38647
DA:413,1565
DA:414,1565
DA:415,1565
DA:416,1565
DA:417,1565
DA:418,1565
DA:422,15
DA:424,15
DA:429,236
DA:431,236
DA:433,8
DA:435,15
LF:177
LH:165
end_of_record
